[2026-06-25 14:23:39] [INFO    ] discord.client: logging in using static token
[2026-06-25 14:23:39] [DEBUG   ] discord.http: GET https://discord.com/api/v10/users/@me with None has returned 200
[2026-06-25 14:23:39] [DEBUG   ] discord.http: GET /users/@me has found its initial rate limit bucket hash (78bb8553d9352a5a2f89f9def401287a).
[2026-06-25 14:23:39] [DEBUG   ] discord.http: GET https://discord.com/api/v10/users/@me has received {'id': '1519652060251947050', 'username': 'Twoggeris', 'avatar': 'd2a475de1bd0fe43398629700d1f0f01', 'discriminator': '2814', 'public_flags': 0, 'flags': 0, 'bot': True, 'banner': None, 'accent_color': None, 'global_name': None, 'avatar_decoration_data': None, 'collectibles': None, 'display_name_styles': None, 'banner_color': None, 'clan': None, 'primary_guild': None, 'mfa_enabled': True, 'locale': 'en-US', 'premium_type': 0, 'email': None, 'verified': True, 'bio': ''}
[2026-06-25 14:23:39] [DEBUG   ] discord.http: GET https://discord.com/api/v10/oauth2/applications/@me with None has returned 200
[2026-06-25 14:23:39] [DEBUG   ] discord.http: GET /oauth2/applications/@me has found its initial rate limit bucket hash (d28a133af187e91d71d96a223467ce49).
[2026-06-25 14:23:39] [DEBUG   ] discord.http: GET https://discord.com/api/v10/oauth2/applications/@me has received {'id': '1519652060251947050', 'name': 'Twoggeris', 'icon': None, 'description': '', 'type': None, 'summary': '', 'is_monetized': False, 'is_verified': False, 'is_discoverable': False, 'bot': {'id': '1519652060251947050', 'username': 'Twoggeris', 'avatar': 'd2a475de1bd0fe43398629700d1f0f01', 'discriminator': '2814', 'public_flags': 0, 'flags': 0, 'bot': True, 'banner': None, 'accent_color': None, 'global_name': None, 'avatar_decoration_data': None, 'collectibles': None, 'display_name_styles': None, 'banner_color': None, 'clan': None, 'primary_guild': None}, 'bot_public': True, 'bot_require_code_grant': False, 'install_params': {'scopes': ['applications.commands'], 'permissions': '0'}, 'integration_types_config': {'0': {'oauth2_install_params': {'scopes': ['applications.commands'], 'permissions': '0'}}, '1': {'oauth2_install_params': {'scopes': ['applications.commands'], 'permissions': '0'}}}, 'verify_key': '111ce897279bf437d38e43322153937485d04d91893265959bf9264873956da3', 'flags': 557056, 'flags_new': '557056', 'hook': True, 'storefront_available': False, 'redirect_uris': [], 'interactions_endpoint_url': None, 'role_connections_verification_url': None, 'owner': {'id': '117765165138575365', 'username': 'auggeris', 'avatar': '113849227a0294fd599a1a8d8ffe21cb', 'discriminator': '0', 'public_flags': 0, 'flags': 0, 'banner': None, 'accent_color': None, 'global_name': 'Auggeris', 'avatar_decoration_data': None, 'collectibles': None, 'display_name_styles': None, 'banner_color': None, 'clan': None, 'primary_guild': None}, 'approximate_guild_count': 0, 'approximate_user_install_count': 0, 'approximate_user_authorization_count': 0, 'interactions_event_types': [], 'interactions_version': 1, 'explicit_content_filter': 0, 'rpc_application_state': 0, 'store_application_state': 1, 'verification_state': 1, 'integration_public': True, 'integration_require_code_grant': False, 'discoverability_state': 1, 'discovery_eligibility_flags': 2272, 'monetization_state': 1, 'verification_eligibility_flags': 123804, 'monetization_eligibility_flags': 247524, 'bot_approximate_guild_count': 1, 'team': None, 'internal_guild_restriction': 2, 'approved_consoles': [], 'pricing_localization_strategy': 'localized_price_sets'}
[2026-06-25 14:23:40] [DEBUG   ] discord.gateway: Created websocket connected to wss://gateway.discord.gg/
[2026-06-25 14:23:40] [DEBUG   ] discord.gateway: For Shard ID None: WebSocket Event: {'t': None, 's': None, 'op': 10, 'd': {'heartbeat_interval': 41250, '_trace': ['["gateway-prd-arm-us-east1-d-9161",{"micros":0.0}]']}}
[2026-06-25 14:23:40] [DEBUG   ] discord.gateway: Shard ID None has sent the IDENTIFY payload.
[2026-06-25 14:23:40] [DEBUG   ] discord.gateway: For Shard ID None: WebSocket Event: {'t': None, 's': None, 'op': 11, 'd': None}
[2026-06-25 14:23:40] [DEBUG   ] discord.gateway: For Shard ID None: WebSocket Event: {'t': 'READY', 's': 1, 'op': 0, 'd': {'v': 10, 'user_settings': {}, 'user': {'verified': True, 'username': 'Twoggeris', 'primary_guild': None, 'mfa_enabled': True, 'id': '1519652060251947050', 'global_name': None, 'flags': 0, 'email': None, 'discriminator': '2814', 'clan': None, 'bot': True, 'avatar': 'd2a475de1bd0fe43398629700d1f0f01'}, 'session_type': 'normal', 'session_id': 'e9884355ea76b43fe158ffd23399edb0', 'resume_gateway_url': 'wss://gateway-us-east1-d.discord.gg', 'relationships': [], 'private_channels': [], 'presences': [], 'guilds': [{'unavailable': True, 'id': '1519644751085699132'}], 'guild_join_requests': [], 'geo_ordered_rtc_regions': ['london', 'rotterdam', 'brussels', 'paris', 'denmark'], 'game_relationships': [], 'auth': {}, 'application': {'id': '1519652060251947050', 'flags_new': '557056', 'flags': 557056}, '_trace': ['["gateway-prd-arm-us-east1-d-9161",{"micros":141529,"calls":["id_created",{"micros":721,"calls":[]},"session_lookup_time",{"micros":372,"calls":[]},"session_lookup_finished",{"micros":11,"calls":[]},"sessions-prd-gcp-us-east1-d-34",{"micros":139958,"calls":["start_session",{"micros":111605,"calls":["prd-rpc-57cbbcdfc8-rgq4j",{"micros":47221,"calls":["get_user",{"micros":8996},"get_guilds",{"micros":2927},"send_scheduled_deletion_message",{"micros":13},"guild_join_requests",{"micros":535},"authorized_ip_coro",{"micros":10},"pending_payments",{"micros":1448},"apex_experiments",{"micros":55518},"sessions_experiments",{"micros":6},"played_application_ids",{"micros":4},"linked_users",{"micros":4},"ad_personalization_toggles_disabled",{"micros":5},"regional_feature_config",{"micros":4}]}]},"starting_guild_connect",{"micros":66,"calls":[]},"presence_started",{"micros":285,"calls":[]},"guilds_started",{"micros":82,"calls":[]},"lobbies_started",{"micros":1,"calls":[]},"guilds_connect",{"micros":0,"calls":[]},"presence_connect",{"micros":27888,"calls":[]},"connect_finished",{"micros":27903,"calls":[]},"build_ready",{"micros":12,"calls":[]},"clean_ready",{"micros":2,"calls":[]},"optimize_ready",{"micros":1,"calls":[]},"split_ready",{"micros":0,"calls":[]}]}]}]']}}
[2026-06-25 14:23:40] [DEBUG   ] discord.client: Dispatching event socket_event_type
[2026-06-25 14:23:40] [INFO    ] discord.gateway: Shard ID None has connected to Gateway (Session ID: e9884355ea76b43fe158ffd23399edb0).
[2026-06-25 14:23:40] [DEBUG   ] discord.client: Dispatching event connect
[2026-06-25 14:23:40] [DEBUG   ] discord.gateway: For Shard ID None: WebSocket Event: {'t': 'GUILD_CREATE', 's': 2, 'op': 0, 'd': {'owner_configured_content_level': 0, 'moderator_reporting': None, 'discovery_splash': None, 'incidents_data': None, 'region': 'deprecated', 'system_channel_id': '1519644752260235276', 'icon': None, 'max_members': 25000000, 'latest_onboarding_question_id': None, 'lazy': True, 'profile': None, 'vanity_url_code': None, 'guild_space_settings': None, 'owner_id': '117765165138575365', 'max_video_channel_users': 25, 'afk_timeout': 300, 'afk_channel_id': None, 'max_stage_video_channel_users': 50, 'guild_scheduled_events': [], 'verification_role_id': None, 'rules_channel_id': None, 'member_count': 2, 'id': '1519644751085699132', 'emojis': [], 'name': "Auggeris's server", 'default_message_notifications': 0, 'stickers': [], 'home_header': None, 'premium_progress_bar_enabled_user_updated_at': None, 'explicit_content_filter': 0, 'soundboard_sounds': [], 'experiments': {'evaluation_id': None, 'assignments': []}, 'threads': [], 'channels': [{'version': 1782381942583, 'type': 4, 'position': 0, 'permission_overwrites': [], 'name': 'Text channels', 'id': '1519644752260235274', 'flags': 0}, {'version': 1782381942596, 'type': 4, 'position': 0, 'permission_overwrites': [], 'name': 'Voice channels', 'id': '1519644752260235275', 'flags': 0}, {'version': 1782381942621, 'type': 0, 'topic': None, 'rate_limit_per_user': 0, 'position': 0, 'permission_overwrites': [], 'parent_id': '1519644752260235274', 'name': 'general', 'last_message_id': '1519680897631391774', 'id': '1519644752260235276', 'icon_emoji': {'name': '👋', 'id': None}, 'flags': 0}, {'version': 1782381942648, 'user_limit': 0, 'type': 2, 'rtc_region': None, 'rate_limit_per_user': 0, 'position': 0, 'permission_overwrites': [], 'parent_id': '1519644752260235275', 'name': 'General', 'last_message_id': None, 'id': '1519644752260235277', 'icon_emoji': {'name': '🎙', 'id': None}, 'flags': 0, 'bitrate': 64000}], 'hub_type': None, 'splash': None, 'presences': [], 'roles': [{'version': 1782381942564, 'unicode_emoji': None, 'tags': {}, 'position': 0, 'permissions': '2248473465835073', 'name': '@everyone', 'mentionable': False, 'managed': False, 'id': '1519644751085699132', 'icon': None, 'hoist': False, 'flags': 0, 'colors': {'tertiary_color': None, 'secondary_color': None, 'primary_color': 0}, 'color': 0}, {'version': 1782384823590, 'unicode_emoji': None, 'tags': {'bot_id': '1519652060251947050'}, 'position': 1, 'permissions': '563413811326016', 'name': 'Twoggeris', 'mentionable': False, 'managed': True, 'id': '1519656795256131612', 'icon': None, 'hoist': False, 'flags': 0, 'colors': {'tertiary_color': None, 'secondary_color': None, 'primary_color': 0}, 'color': 0}], 'premium_subscription_count': 0, 'nsfw': False, 'mfa_level': 0, 'description': None, 'safety_alerts_channel_id': None, 'application_command_counts': {}, 'members': [{'user': {'username': 'Twoggeris', 'public_flags': 0, 'primary_guild': None, 'id': '1519652060251947050', 'global_name': None, 'display_name_styles': None, 'display_name': None, 'discriminator': '2814', 'collectibles': None, 'bot': True, 'avatar_decoration_data': None, 'avatar': 'd2a475de1bd0fe43398629700d1f0f01'}, 'roles': ['1519656795256131612'], 'premium_since': None, 'pending': False, 'nick': None, 'mute': False, 'joined_at': '2026-06-25T10:53:33.937664+00:00', 'flags': 0, 'deaf': False, 'communication_disabled_until': None, 'banner': None, 'avatar': None}], 'activity_instances': [], 'banner': None, 'large': False, 'premium_tier': 0, 'premium_features': None, 'preferred_locale': 'en-US', 'verification_level': 0, 'application_id': None, 'official_message_color': None, 'premium_progress_bar_enabled': False, 'features': [], 'public_updates_channel_id': None, 'nsfw_level': 0, 'stage_instances': [], 'unavailable': False, 'theme': None, 'voice_states': [], 'inventory_settings': None, 'system_channel_flags': 0, 'version': 1782381942659, 'embedded_activities': [], 'game_application_ids': None, 'joined_at': '2026-06-25T10:53:33.937664+00:00'}}
[2026-06-25 14:23:40] [DEBUG   ] discord.client: Dispatching event socket_event_type
[2026-06-25 14:23:40] [DEBUG   ] discord.gateway: For Shard ID None: WebSocket Event: {'t': 'GUILD_MEMBERS_CHUNK', 's': 3, 'op': 0, 'd': {'nonce': '493012f9a590e730d28cfa301ef54a89', 'members': [{'user': {'username': 'auggeris', 'public_flags': 0, 'primary_guild': None, 'id': '117765165138575365', 'global_name': 'Auggeris', 'display_name_styles': None, 'display_name': 'Auggeris', 'discriminator': '0', 'collectibles': None, 'bot': False, 'avatar_decoration_data': None, 'avatar': '113849227a0294fd599a1a8d8ffe21cb'}, 'roles': [], 'premium_since': None, 'pending': False, 'nick': None, 'mute': False, 'joined_at': '2026-06-25T10:05:42.320000+00:00', 'flags': 0, 'deaf': False, 'communication_disabled_until': None, 'banner': None, 'avatar': None}, {'user': {'username': 'Twoggeris', 'public_flags': 0, 'primary_guild': None, 'id': '1519652060251947050', 'global_name': None, 'display_name_styles': None, 'display_name': None, 'discriminator': '2814', 'collectibles': None, 'bot': True, 'avatar_decoration_data': None, 'avatar': 'd2a475de1bd0fe43398629700d1f0f01'}, 'roles': ['1519656795256131612'], 'premium_since': None, 'pending': False, 'nick': None, 'mute': False, 'joined_at': '2026-06-25T10:53:33.937664+00:00', 'flags': 0, 'deaf': False, 'communication_disabled_until': None, 'banner': None, 'avatar': None}], 'guild_id': '1519644751085699132', 'chunk_index': 0, 'chunk_count': 1}}
[2026-06-25 14:23:40] [DEBUG   ] discord.client: Dispatching event socket_event_type
[2026-06-25 14:23:40] [DEBUG   ] discord.state: Processed a chunk for 2 members in guild ID 1519644751085699132.
[2026-06-25 14:23:42] [DEBUG   ] discord.client: Dispatching event guild_available
[2026-06-25 14:23:42] [DEBUG   ] discord.client: Dispatching event ready
[2026-06-25 14:24:21] [DEBUG   ] discord.gateway: Keeping shard ID None websocket alive with sequence 3.
[2026-06-25 14:24:21] [DEBUG   ] discord.gateway: For Shard ID None: WebSocket Event: {'t': None, 's': None, 'op': 11, 'd': None}
[2026-06-25 14:24:26] [DEBUG   ] discord.gateway: For Shard ID None: WebSocket Event: {'t': 'TYPING_START', 's': 4, 'op': 0, 'd': {'user_id': '117765165138575365', 'timestamp': 1782393865, 'member': {'user': {'username': 'auggeris', 'public_flags': 0, 'primary_guild': None, 'id': '117765165138575365', 'global_name': 'Auggeris', 'display_name_styles': None, 'display_name': 'Auggeris', 'discriminator': '0', 'collectibles': None, 'bot': False, 'avatar_decoration_data': None, 'avatar': '113849227a0294fd599a1a8d8ffe21cb'}, 'roles': [], 'premium_since': None, 'pending': False, 'nick': None, 'mute': False, 'joined_at': '2026-06-25T10:05:42.320000+00:00', 'flags': 0, 'deaf': False, 'communication_disabled_until': None, 'banner': None, 'avatar': None}, 'channel_id': '1519644752260235276', 'guild_id': '1519644751085699132'}}
[2026-06-25 14:24:26] [DEBUG   ] discord.client: Dispatching event socket_event_type
[2026-06-25 14:24:26] [DEBUG   ] discord.client: Dispatching event typing
[2026-06-25 14:24:26] [DEBUG   ] discord.client: Dispatching event raw_typing
[2026-06-25 14:24:30] [DEBUG   ] discord.gateway: For Shard ID None: WebSocket Event: {'t': 'MESSAGE_CREATE', 's': 5, 'op': 0, 'd': {'type': 0, 'tts': False, 'timestamp': '2026-06-25T13:24:29.490000+00:00', 'pinned': False, 'nonce': '1519694778432749568', 'mentions': [{'username': 'Twoggeris', 'public_flags': 0, 'primary_guild': None, 'member': {'roles': ['1519656795256131612'], 'premium_since': None, 'pending': False, 'nick': None, 'mute': False, 'joined_at': '2026-06-25T10:53:33.937664+00:00', 'flags': 0, 'deaf': False, 'communication_disabled_until': None, 'banner': None, 'avatar': None}, 'id': '1519652060251947050', 'global_name': None, 'display_name_styles': None, 'discriminator': '2814', 'collectibles': None, 'clan': None, 'bot': True, 'avatar_decoration_data': None, 'avatar': 'd2a475de1bd0fe43398629700d1f0f01'}], 'mention_roles': [], 'mention_everyone': False, 'member': {'roles': [], 'premium_since': None, 'pending': False, 'nick': None, 'mute': False, 'joined_at': '2026-06-25T10:05:42.320000+00:00', 'flags': 0, 'deaf': False, 'communication_disabled_until': None, 'banner': None, 'avatar': None}, 'id': '1519694777376051430', 'flags': 0, 'embeds': [], 'edited_timestamp': None, 'content': '<@1519652060251947050>', 'components': [], 'channel_type': 0, 'channel_id': '1519644752260235276', 'author': {'username': 'auggeris', 'public_flags': 0, 'primary_guild': None, 'id': '117765165138575365', 'global_name': 'Auggeris', 'display_name_styles': None, 'discriminator': '0', 'collectibles': None, 'clan': None, 'avatar_decoration_data': None, 'avatar': '113849227a0294fd599a1a8d8ffe21cb'}, 'attachments': [], 'guild_id': '1519644751085699132'}}
[2026-06-25 14:24:30] [DEBUG   ] discord.client: Dispatching event socket_event_type
[2026-06-25 14:24:30] [DEBUG   ] discord.client: Dispatching event message
[2026-06-25 14:24:30] [DEBUG   ] discord.http: POST https://discord.com/api/v10/channels/1519644752260235276/messages with {"content":"i hope none of you clear another ultimate actually","components":[],"nonce":"12498594096506794632","enforce_nonce":true,"tts":false} has returned 200
[2026-06-25 14:24:30] [DEBUG   ] discord.http: POST /channels/{channel_id}/messages has found its initial rate limit bucket hash (62df3a8bf3cb0dd93018dd80d06039f6).
[2026-06-25 14:24:30] [DEBUG   ] discord.http: POST https://discord.com/api/v10/channels/1519644752260235276/messages has received {'type': 0, 'content': 'i hope none of you clear another ultimate actually', 'mentions': [], 'mention_roles': [], 'attachments': [], 'embeds': [], 'timestamp': '2026-06-25T13:24:29.776000+00:00', 'edited_timestamp': None, 'flags': 0, 'components': [], 'id': '1519694778575622315', 'channel_id': '1519644752260235276', 'author': {'id': '1519652060251947050', 'username': 'Twoggeris', 'avatar': 'd2a475de1bd0fe43398629700d1f0f01', 'discriminator': '2814', 'public_flags': 0, 'flags': 0, 'bot': True, 'banner': None, 'accent_color': None, 'global_name': None, 'avatar_decoration_data': None, 'collectibles': None, 'display_name_styles': None, 'banner_color': None, 'clan': None, 'primary_guild': None}, 'pinned': False, 'mention_everyone': False, 'tts': False, 'nonce': '12498594096506794632'}
[2026-06-25 14:24:30] [DEBUG   ] discord.gateway: For Shard ID None: WebSocket Event: {'t': 'MESSAGE_CREATE', 's': 6, 'op': 0, 'd': {'type': 0, 'tts': False, 'timestamp': '2026-06-25T13:24:29.776000+00:00', 'pinned': False, 'nonce': '12498594096506794632', 'mentions': [], 'mention_roles': [], 'mention_everyone': False, 'member': {'roles': ['1519656795256131612'], 'premium_since': None, 'pending': False, 'nick': None, 'mute': False, 'joined_at': '2026-06-25T10:53:33.937664+00:00', 'flags': 0, 'deaf': False, 'communication_disabled_until': None, 'banner': None, 'avatar': None}, 'id': '1519694778575622315', 'flags': 0, 'embeds': [], 'edited_timestamp': None, 'content': 'i hope none of you clear another ultimate actually', 'components': [], 'channel_type': 0, 'channel_id': '1519644752260235276', 'author': {'username': 'Twoggeris', 'public_flags': 0, 'primary_guild': None, 'id': '1519652060251947050', 'global_name': None, 'display_name_styles': None, 'discriminator': '2814', 'collectibles': None, 'clan': None, 'bot': True, 'avatar_decoration_data': None, 'avatar': 'd2a475de1bd0fe43398629700d1f0f01'}, 'attachments': [], 'guild_id': '1519644751085699132'}}
[2026-06-25 14:24:30] [DEBUG   ] discord.client: Dispatching event socket_event_type
[2026-06-25 14:24:30] [DEBUG   ] discord.client: Dispatching event message
[2026-06-25 14:24:39] [DEBUG   ] discord.gateway: For Shard ID None: WebSocket Event: {'t': 'TYPING_START', 's': 7, 'op': 0, 'd': {'user_id': '117765165138575365', 'timestamp': 1782393878, 'member': {'user': {'username': 'auggeris', 'public_flags': 0, 'primary_guild': None, 'id': '117765165138575365', 'global_name': 'Auggeris', 'display_name_styles': None, 'display_name': 'Auggeris', 'discriminator': '0', 'collectibles': None, 'bot': False, 'avatar_decoration_data': None, 'avatar': '113849227a0294fd599a1a8d8ffe21cb'}, 'roles': [], 'premium_since': None, 'pending': False, 'nick': None, 'mute': False, 'joined_at': '2026-06-25T10:05:42.320000+00:00', 'flags': 0, 'deaf': False, 'communication_disabled_until': None, 'banner': None, 'avatar': None}, 'channel_id': '1519644752260235276', 'guild_id': '1519644751085699132'}}
[2026-06-25 14:24:39] [DEBUG   ] discord.client: Dispatching event socket_event_type
[2026-06-25 14:24:39] [DEBUG   ] discord.client: Dispatching event typing
[2026-06-25 14:24:39] [DEBUG   ] discord.client: Dispatching event raw_typing
[2026-06-25 14:24:40] [DEBUG   ] discord.gateway: For Shard ID None: WebSocket Event: {'t': 'MESSAGE_CREATE', 's': 8, 'op': 0, 'd': {'type': 0, 'tts': False, 'timestamp': '2026-06-25T13:24:39.445000+00:00', 'pinned': False, 'nonce': '1519694820547756032', 'mentions': [{'username': 'Twoggeris', 'public_flags': 0, 'primary_guild': None, 'member': {'roles': ['1519656795256131612'], 'premium_since': None, 'pending': False, 'nick': None, 'mute': False, 'joined_at': '2026-06-25T10:53:33.937664+00:00', 'flags': 0, 'deaf': False, 'communication_disabled_until': None, 'banner': None, 'avatar': None}, 'id': '1519652060251947050', 'global_name': None, 'display_name_styles': None, 'discriminator': '2814', 'collectibles': None, 'clan': None, 'bot': True, 'avatar_decoration_data': None, 'avatar': 'd2a475de1bd0fe43398629700d1f0f01'}], 'mention_roles': [], 'mention_everyone': False, 'member': {'roles': [], 'premium_since': None, 'pending': False, 'nick': None, 'mute': False, 'joined_at': '2026-06-25T10:05:42.320000+00:00', 'flags': 0, 'deaf': False, 'communication_disabled_until': None, 'banner': None, 'avatar': None}, 'id': '1519694819130216649', 'flags': 0, 'embeds': [], 'edited_timestamp': None, 'content': '<@1519652060251947050>', 'components': [], 'channel_type': 0, 'channel_id': '1519644752260235276', 'author': {'username': 'auggeris', 'public_flags': 0, 'primary_guild': None, 'id': '117765165138575365', 'global_name': 'Auggeris', 'display_name_styles': None, 'discriminator': '0', 'collectibles': None, 'clan': None, 'avatar_decoration_data': None, 'avatar': '113849227a0294fd599a1a8d8ffe21cb'}, 'attachments': [], 'guild_id': '1519644751085699132'}}
[2026-06-25 14:24:40] [DEBUG   ] discord.client: Dispatching event socket_event_type
[2026-06-25 14:24:40] [DEBUG   ] discord.client: Dispatching event message
[2026-06-25 14:24:40] [DEBUG   ] discord.gateway: For Shard ID None: WebSocket Event: {'t': 'MESSAGE_CREATE', 's': 9, 'op': 0, 'd': {'type': 0, 'tts': False, 'timestamp': '2026-06-25T13:24:39.780000+00:00', 'pinned': False, 'nonce': '9067855521210569991', 'mentions': [], 'mention_roles': [], 'mention_everyone': False, 'member': {'roles': ['1519656795256131612'], 'premium_since': None, 'pending': False, 'nick': None, 'mute': False, 'joined_at': '2026-06-25T10:53:33.937664+00:00', 'flags': 0, 'deaf': False, 'communication_disabled_until': None, 'banner': None, 'avatar': None}, 'id': '1519694820535308410', 'flags': 0, 'embeds': [], 'edited_timestamp': None, 'content': 'Brother', 'components': [], 'channel_type': 0, 'channel_id': '1519644752260235276', 'author': {'username': 'Twoggeris', 'public_flags': 0, 'primary_guild': None, 'id': '1519652060251947050', 'global_name': None, 'display_name_styles': None, 'discriminator': '2814', 'collectibles': None, 'clan': None, 'bot': True, 'avatar_decoration_data': None, 'avatar': 'd2a475de1bd0fe43398629700d1f0f01'}, 'attachments': [], 'guild_id': '1519644751085699132'}}
[2026-06-25 14:24:40] [DEBUG   ] discord.client: Dispatching event socket_event_type
[2026-06-25 14:24:40] [DEBUG   ] discord.client: Dispatching event message
[2026-06-25 14:24:40] [DEBUG   ] discord.http: POST https://discord.com/api/v10/channels/1519644752260235276/messages with {"content":"Brother","components":[],"nonce":"9067855521210569991","enforce_nonce":true,"tts":false} has returned 200
[2026-06-25 14:24:40] [DEBUG   ] discord.http: POST https://discord.com/api/v10/channels/1519644752260235276/messages has received {'type': 0, 'content': 'Brother', 'mentions': [], 'mention_roles': [], 'attachments': [], 'embeds': [], 'timestamp': '2026-06-25T13:24:39.780000+00:00', 'edited_timestamp': None, 'flags': 0, 'components': [], 'id': '1519694820535308410', 'channel_id': '1519644752260235276', 'author': {'id': '1519652060251947050', 'username': 'Twoggeris', 'avatar': 'd2a475de1bd0fe43398629700d1f0f01', 'discriminator': '2814', 'public_flags': 0, 'flags': 0, 'bot': True, 'banner': None, 'accent_color': None, 'global_name': None, 'avatar_decoration_data': None, 'collectibles': None, 'display_name_styles': None, 'banner_color': None, 'clan': None, 'primary_guild': None}, 'pinned': False, 'mention_everyone': False, 'tts': False, 'nonce': '9067855521210569991'}
[2026-06-25 14:25:02] [DEBUG   ] discord.gateway: Keeping shard ID None websocket alive with sequence 9.
[2026-06-25 14:25:02] [DEBUG   ] discord.gateway: For Shard ID None: WebSocket Event: {'t': None, 's': None, 'op': 11, 'd': None}
[2026-06-25 14:25:43] [DEBUG   ] discord.gateway: Keeping shard ID None websocket alive with sequence 9.
[2026-06-25 14:25:44] [DEBUG   ] discord.gateway: For Shard ID None: WebSocket Event: {'t': None, 's': None, 'op': 11, 'd': None}
[2026-06-25 14:26:25] [DEBUG   ] discord.gateway: Keeping shard ID None websocket alive with sequence 9.
[2026-06-25 14:26:25] [DEBUG   ] discord.gateway: For Shard ID None: WebSocket Event: {'t': None, 's': None, 'op': 11, 'd': None}
[2026-06-25 14:27:06] [DEBUG   ] discord.gateway: Keeping shard ID None websocket alive with sequence 9.
[2026-06-25 14:27:06] [DEBUG   ] discord.gateway: For Shard ID None: WebSocket Event: {'t': None, 's': None, 'op': 11, 'd': None}
[2026-06-25 14:27:47] [DEBUG   ] discord.gateway: Keeping shard ID None websocket alive with sequence 9.
[2026-06-25 14:27:47] [DEBUG   ] discord.gateway: For Shard ID None: WebSocket Event: {'t': None, 's': None, 'op': 11, 'd': None}
[2026-06-25 14:28:28] [DEBUG   ] discord.gateway: Keeping shard ID None websocket alive with sequence 9.
[2026-06-25 14:28:29] [DEBUG   ] discord.gateway: For Shard ID None: WebSocket Event: {'t': None, 's': None, 'op': 11, 'd': None}
[2026-06-25 14:29:10] [DEBUG   ] discord.gateway: Keeping shard ID None websocket alive with sequence 9.
[2026-06-25 14:29:10] [DEBUG   ] discord.gateway: For Shard ID None: WebSocket Event: {'t': None, 's': None, 'op': 11, 'd': None}
[2026-06-25 14:29:51] [DEBUG   ] discord.gateway: Keeping shard ID None websocket alive with sequence 9.
[2026-06-25 14:29:51] [DEBUG   ] discord.gateway: For Shard ID None: WebSocket Event: {'t': None, 's': None, 'op': 11, 'd': None}
[2026-06-25 14:30:32] [DEBUG   ] discord.gateway: Keeping shard ID None websocket alive with sequence 9.
[2026-06-25 14:30:32] [DEBUG   ] discord.gateway: For Shard ID None: WebSocket Event: {'t': None, 's': None, 'op': 11, 'd': None}
[2026-06-25 14:31:14] [DEBUG   ] discord.gateway: Keeping shard ID None websocket alive with sequence 9.
[2026-06-25 14:31:14] [DEBUG   ] discord.gateway: For Shard ID None: WebSocket Event: {'t': None, 's': None, 'op': 11, 'd': None}
[2026-06-25 14:31:55] [DEBUG   ] discord.gateway: Keeping shard ID None websocket alive with sequence 9.
[2026-06-25 14:31:55] [DEBUG   ] discord.gateway: For Shard ID None: WebSocket Event: {'t': None, 's': None, 'op': 11, 'd': None}
[2026-06-25 14:32:36] [DEBUG   ] discord.gateway: Keeping shard ID None websocket alive with sequence 9.
[2026-06-25 14:32:36] [DEBUG   ] discord.gateway: For Shard ID None: WebSocket Event: {'t': None, 's': None, 'op': 11, 'd': None}
[2026-06-25 14:33:17] [DEBUG   ] discord.gateway: Keeping shard ID None websocket alive with sequence 9.
[2026-06-25 14:33:17] [DEBUG   ] discord.gateway: For Shard ID None: WebSocket Event: {'t': None, 's': None, 'op': 11, 'd': None}
[2026-06-25 14:33:59] [DEBUG   ] discord.gateway: Keeping shard ID None websocket alive with sequence 9.
[2026-06-25 14:33:59] [DEBUG   ] discord.gateway: For Shard ID None: WebSocket Event: {'t': None, 's': None, 'op': 11, 'd': None}
[2026-06-25 14:34:40] [DEBUG   ] discord.gateway: Keeping shard ID None websocket alive with sequence 9.
[2026-06-25 14:34:40] [DEBUG   ] discord.gateway: For Shard ID None: WebSocket Event: {'t': None, 's': None, 'op': 11, 'd': None}
[2026-06-25 14:35:21] [DEBUG   ] discord.gateway: Keeping shard ID None websocket alive with sequence 9.
[2026-06-25 14:35:21] [DEBUG   ] discord.gateway: For Shard ID None: WebSocket Event: {'t': None, 's': None, 'op': 11, 'd': None}
[2026-06-25 14:36:02] [DEBUG   ] discord.gateway: Keeping shard ID None websocket alive with sequence 9.
[2026-06-25 14:36:02] [DEBUG   ] discord.gateway: For Shard ID None: WebSocket Event: {'t': None, 's': None, 'op': 11, 'd': None}
[2026-06-25 14:36:44] [DEBUG   ] discord.gateway: Keeping shard ID None websocket alive with sequence 9.
[2026-06-25 14:36:44] [DEBUG   ] discord.gateway: For Shard ID None: WebSocket Event: {'t': None, 's': None, 'op': 11, 'd': None}
[2026-06-25 14:37:25] [DEBUG   ] discord.gateway: Keeping shard ID None websocket alive with sequence 9.
[2026-06-25 14:37:25] [DEBUG   ] discord.gateway: For Shard ID None: WebSocket Event: {'t': None, 's': None, 'op': 11, 'd': None}
[2026-06-25 14:38:06] [DEBUG   ] discord.gateway: Keeping shard ID None websocket alive with sequence 9.
[2026-06-25 14:38:06] [DEBUG   ] discord.gateway: For Shard ID None: WebSocket Event: {'t': None, 's': None, 'op': 11, 'd': None}
[2026-06-25 14:38:47] [DEBUG   ] discord.gateway: Keeping shard ID None websocket alive with sequence 9.
[2026-06-25 14:38:48] [DEBUG   ] discord.gateway: For Shard ID None: WebSocket Event: {'t': None, 's': None, 'op': 11, 'd': None}
[2026-06-25 14:39:29] [DEBUG   ] discord.gateway: Keeping shard ID None websocket alive with sequence 9.
[2026-06-25 14:39:29] [DEBUG   ] discord.gateway: For Shard ID None: WebSocket Event: {'t': None, 's': None, 'op': 11, 'd': None}
[2026-06-25 14:40:10] [DEBUG   ] discord.gateway: Keeping shard ID None websocket alive with sequence 9.
[2026-06-25 14:40:10] [DEBUG   ] discord.gateway: For Shard ID None: WebSocket Event: {'t': None, 's': None, 'op': 11, 'd': None}
[2026-06-25 14:40:51] [DEBUG   ] discord.gateway: Keeping shard ID None websocket alive with sequence 9.
[2026-06-25 14:40:51] [DEBUG   ] discord.gateway: For Shard ID None: WebSocket Event: {'t': None, 's': None, 'op': 11, 'd': None}
[2026-06-25 14:41:32] [DEBUG   ] discord.gateway: Keeping shard ID None websocket alive with sequence 9.
[2026-06-25 14:41:33] [DEBUG   ] discord.gateway: For Shard ID None: WebSocket Event: {'t': None, 's': None, 'op': 11, 'd': None}
[2026-06-25 14:42:14] [DEBUG   ] discord.gateway: Keeping shard ID None websocket alive with sequence 9.
[2026-06-25 14:42:14] [DEBUG   ] discord.gateway: For Shard ID None: WebSocket Event: {'t': None, 's': None, 'op': 11, 'd': None}
[2026-06-25 14:42:55] [DEBUG   ] discord.gateway: Keeping shard ID None websocket alive with sequence 9.
[2026-06-25 14:42:55] [DEBUG   ] discord.gateway: For Shard ID None: WebSocket Event: {'t': None, 's': None, 'op': 11, 'd': None}
[2026-06-25 14:43:36] [DEBUG   ] discord.gateway: Keeping shard ID None websocket alive with sequence 9.
[2026-06-25 14:43:36] [DEBUG   ] discord.gateway: For Shard ID None: WebSocket Event: {'t': None, 's': None, 'op': 11, 'd': None}
[2026-06-25 14:44:17] [DEBUG   ] discord.gateway: Keeping shard ID None websocket alive with sequence 9.
[2026-06-25 14:44:18] [DEBUG   ] discord.gateway: For Shard ID None: WebSocket Event: {'t': None, 's': None, 'op': 11, 'd': None}
[2026-06-25 14:44:59] [DEBUG   ] discord.gateway: Keeping shard ID None websocket alive with sequence 9.
[2026-06-25 14:44:59] [DEBUG   ] discord.gateway: For Shard ID None: WebSocket Event: {'t': None, 's': None, 'op': 11, 'd': None}
[2026-06-25 14:45:40] [DEBUG   ] discord.gateway: Keeping shard ID None websocket alive with sequence 9.
[2026-06-25 14:45:40] [DEBUG   ] discord.gateway: For Shard ID None: WebSocket Event: {'t': None, 's': None, 'op': 11, 'd': None}
[2026-06-25 14:46:21] [DEBUG   ] discord.gateway: Keeping shard ID None websocket alive with sequence 9.
[2026-06-25 14:46:21] [DEBUG   ] discord.gateway: For Shard ID None: WebSocket Event: {'t': None, 's': None, 'op': 11, 'd': None}
[2026-06-25 14:47:02] [DEBUG   ] discord.gateway: Keeping shard ID None websocket alive with sequence 9.
[2026-06-25 14:47:03] [DEBUG   ] discord.gateway: For Shard ID None: WebSocket Event: {'t': None, 's': None, 'op': 11, 'd': None}
[2026-06-25 14:47:44] [DEBUG   ] discord.gateway: Keeping shard ID None websocket alive with sequence 9.
[2026-06-25 14:47:44] [DEBUG   ] discord.gateway: For Shard ID None: WebSocket Event: {'t': None, 's': None, 'op': 11, 'd': None}
[2026-06-25 14:48:25] [DEBUG   ] discord.gateway: Keeping shard ID None websocket alive with sequence 9.
[2026-06-25 14:48:25] [DEBUG   ] discord.gateway: For Shard ID None: WebSocket Event: {'t': None, 's': None, 'op': 11, 'd': None}
[2026-06-25 14:49:06] [DEBUG   ] discord.gateway: Keeping shard ID None websocket alive with sequence 9.
[2026-06-25 14:49:06] [DEBUG   ] discord.gateway: For Shard ID None: WebSocket Event: {'t': None, 's': None, 'op': 11, 'd': None}
[2026-06-25 14:49:48] [DEBUG   ] discord.gateway: Keeping shard ID None websocket alive with sequence 9.
[2026-06-25 14:49:48] [DEBUG   ] discord.gateway: For Shard ID None: WebSocket Event: {'t': None, 's': None, 'op': 11, 'd': None}
[2026-06-25 14:50:29] [DEBUG   ] discord.gateway: Keeping shard ID None websocket alive with sequence 9.
[2026-06-25 14:50:29] [DEBUG   ] discord.gateway: For Shard ID None: WebSocket Event: {'t': None, 's': None, 'op': 11, 'd': None}
[2026-06-25 14:51:10] [DEBUG   ] discord.gateway: Keeping shard ID None websocket alive with sequence 9.
[2026-06-25 14:51:10] [DEBUG   ] discord.gateway: For Shard ID None: WebSocket Event: {'t': None, 's': None, 'op': 11, 'd': None}
[2026-06-25 14:51:51] [DEBUG   ] discord.gateway: Keeping shard ID None websocket alive with sequence 9.
[2026-06-25 14:51:51] [DEBUG   ] discord.gateway: For Shard ID None: WebSocket Event: {'t': None, 's': None, 'op': 11, 'd': None}
[2026-06-25 14:52:33] [DEBUG   ] discord.gateway: Keeping shard ID None websocket alive with sequence 9.
[2026-06-25 14:52:33] [DEBUG   ] discord.gateway: For Shard ID None: WebSocket Event: {'t': None, 's': None, 'op': 11, 'd': None}
[2026-06-25 14:53:14] [DEBUG   ] discord.gateway: Keeping shard ID None websocket alive with sequence 9.
[2026-06-25 14:53:14] [DEBUG   ] discord.gateway: For Shard ID None: WebSocket Event: {'t': None, 's': None, 'op': 11, 'd': None}
[2026-06-25 14:53:55] [DEBUG   ] discord.gateway: Keeping shard ID None websocket alive with sequence 9.
[2026-06-25 14:53:55] [DEBUG   ] discord.gateway: For Shard ID None: WebSocket Event: {'t': None, 's': None, 'op': 11, 'd': None}
[2026-06-25 14:54:36] [DEBUG   ] discord.gateway: Keeping shard ID None websocket alive with sequence 9.
[2026-06-25 14:54:37] [DEBUG   ] discord.gateway: For Shard ID None: WebSocket Event: {'t': None, 's': None, 'op': 11, 'd': None}
[2026-06-25 14:55:18] [DEBUG   ] discord.gateway: Keeping shard ID None websocket alive with sequence 9.
[2026-06-25 14:55:18] [DEBUG   ] discord.gateway: For Shard ID None: WebSocket Event: {'t': None, 's': None, 'op': 11, 'd': None}
[2026-06-25 14:55:59] [DEBUG   ] discord.gateway: Keeping shard ID None websocket alive with sequence 9.
[2026-06-25 14:55:59] [DEBUG   ] discord.gateway: For Shard ID None: WebSocket Event: {'t': None, 's': None, 'op': 11, 'd': None}
[2026-06-25 14:56:40] [DEBUG   ] discord.gateway: Keeping shard ID None websocket alive with sequence 9.
[2026-06-25 14:56:40] [DEBUG   ] discord.gateway: For Shard ID None: WebSocket Event: {'t': None, 's': None, 'op': 11, 'd': None}
[2026-06-25 14:57:21] [DEBUG   ] discord.gateway: Keeping shard ID None websocket alive with sequence 9.
[2026-06-25 14:57:21] [DEBUG   ] discord.gateway: For Shard ID None: WebSocket Event: {'t': None, 's': None, 'op': 11, 'd': None}
[2026-06-25 14:58:03] [DEBUG   ] discord.gateway: Keeping shard ID None websocket alive with sequence 9.
[2026-06-25 14:58:03] [DEBUG   ] discord.gateway: For Shard ID None: WebSocket Event: {'t': None, 's': None, 'op': 11, 'd': None}
[2026-06-25 14:58:44] [DEBUG   ] discord.gateway: Keeping shard ID None websocket alive with sequence 9.
[2026-06-25 14:58:44] [DEBUG   ] discord.gateway: For Shard ID None: WebSocket Event: {'t': None, 's': None, 'op': 11, 'd': None}
[2026-06-25 14:59:25] [DEBUG   ] discord.gateway: Keeping shard ID None websocket alive with sequence 9.
[2026-06-25 14:59:25] [DEBUG   ] discord.gateway: For Shard ID None: WebSocket Event: {'t': None, 's': None, 'op': 11, 'd': None}
[2026-06-25 15:00:06] [DEBUG   ] discord.gateway: Keeping shard ID None websocket alive with sequence 9.
[2026-06-25 15:00:07] [DEBUG   ] discord.gateway: For Shard ID None: WebSocket Event: {'t': None, 's': None, 'op': 11, 'd': None}
[2026-06-25 15:00:48] [DEBUG   ] discord.gateway: Keeping shard ID None websocket alive with sequence 9.
[2026-06-25 15:00:48] [DEBUG   ] discord.gateway: For Shard ID None: WebSocket Event: {'t': None, 's': None, 'op': 11, 'd': None}
[2026-06-25 15:01:29] [DEBUG   ] discord.gateway: Keeping shard ID None websocket alive with sequence 9.
[2026-06-25 15:01:29] [DEBUG   ] discord.gateway: For Shard ID None: WebSocket Event: {'t': None, 's': None, 'op': 11, 'd': None}
[2026-06-25 15:02:10] [DEBUG   ] discord.gateway: Keeping shard ID None websocket alive with sequence 9.
[2026-06-25 15:02:10] [DEBUG   ] discord.gateway: For Shard ID None: WebSocket Event: {'t': None, 's': None, 'op': 11, 'd': None}
[2026-06-25 15:02:51] [DEBUG   ] discord.gateway: Keeping shard ID None websocket alive with sequence 9.
[2026-06-25 15:02:52] [DEBUG   ] discord.gateway: For Shard ID None: WebSocket Event: {'t': None, 's': None, 'op': 11, 'd': None}
[2026-06-25 15:03:33] [DEBUG   ] discord.gateway: Keeping shard ID None websocket alive with sequence 9.
[2026-06-25 15:03:33] [DEBUG   ] discord.gateway: For Shard ID None: WebSocket Event: {'t': None, 's': None, 'op': 11, 'd': None}
[2026-06-25 15:04:14] [DEBUG   ] discord.gateway: Keeping shard ID None websocket alive with sequence 9.
[2026-06-25 15:04:14] [DEBUG   ] discord.gateway: For Shard ID None: WebSocket Event: {'t': None, 's': None, 'op': 11, 'd': None}
[2026-06-25 15:04:55] [DEBUG   ] discord.gateway: Keeping shard ID None websocket alive with sequence 9.
[2026-06-25 15:04:55] [DEBUG   ] discord.gateway: For Shard ID None: WebSocket Event: {'t': None, 's': None, 'op': 11, 'd': None}
[2026-06-25 15:05:36] [DEBUG   ] discord.gateway: Keeping shard ID None websocket alive with sequence 9.
[2026-06-25 15:05:37] [DEBUG   ] discord.gateway: For Shard ID None: WebSocket Event: {'t': None, 's': None, 'op': 11, 'd': None}
[2026-06-25 15:06:18] [DEBUG   ] discord.gateway: Keeping shard ID None websocket alive with sequence 9.
[2026-06-25 15:06:18] [DEBUG   ] discord.gateway: For Shard ID None: WebSocket Event: {'t': None, 's': None, 'op': 11, 'd': None}
[2026-06-25 15:06:59] [DEBUG   ] discord.gateway: Keeping shard ID None websocket alive with sequence 9.
[2026-06-25 15:06:59] [DEBUG   ] discord.gateway: For Shard ID None: WebSocket Event: {'t': None, 's': None, 'op': 11, 'd': None}
[2026-06-25 15:07:40] [DEBUG   ] discord.gateway: Keeping shard ID None websocket alive with sequence 9.
[2026-06-25 15:07:40] [DEBUG   ] discord.gateway: For Shard ID None: WebSocket Event: {'t': None, 's': None, 'op': 11, 'd': None}
[2026-06-25 15:08:21] [DEBUG   ] discord.gateway: Keeping shard ID None websocket alive with sequence 9.
[2026-06-25 15:08:22] [DEBUG   ] discord.gateway: For Shard ID None: WebSocket Event: {'t': None, 's': None, 'op': 11, 'd': None}
[2026-06-25 15:09:03] [DEBUG   ] discord.gateway: Keeping shard ID None websocket alive with sequence 9.
[2026-06-25 15:09:03] [DEBUG   ] discord.gateway: For Shard ID None: WebSocket Event: {'t': None, 's': None, 'op': 11, 'd': None}
[2026-06-25 15:09:44] [DEBUG   ] discord.gateway: Keeping shard ID None websocket alive with sequence 9.
[2026-06-25 15:09:44] [DEBUG   ] discord.gateway: For Shard ID None: WebSocket Event: {'t': None, 's': None, 'op': 11, 'd': None}
[2026-06-25 15:10:25] [DEBUG   ] discord.gateway: Keeping shard ID None websocket alive with sequence 9.
[2026-06-25 15:10:25] [DEBUG   ] discord.gateway: For Shard ID None: WebSocket Event: {'t': None, 's': None, 'op': 11, 'd': None}
[2026-06-25 15:11:07] [DEBUG   ] discord.gateway: Keeping shard ID None websocket alive with sequence 9.
[2026-06-25 15:11:07] [DEBUG   ] discord.gateway: For Shard ID None: WebSocket Event: {'t': None, 's': None, 'op': 11, 'd': None}
[2026-06-25 15:11:48] [DEBUG   ] discord.gateway: Keeping shard ID None websocket alive with sequence 9.
[2026-06-25 15:11:48] [DEBUG   ] discord.gateway: For Shard ID None: WebSocket Event: {'t': None, 's': None, 'op': 11, 'd': None}
[2026-06-25 15:12:29] [DEBUG   ] discord.gateway: Keeping shard ID None websocket alive with sequence 9.
[2026-06-25 15:12:29] [DEBUG   ] discord.gateway: For Shard ID None: WebSocket Event: {'t': None, 's': None, 'op': 11, 'd': None}
[2026-06-25 15:13:10] [DEBUG   ] discord.gateway: Keeping shard ID None websocket alive with sequence 9.
[2026-06-25 15:13:10] [DEBUG   ] discord.gateway: For Shard ID None: WebSocket Event: {'t': None, 's': None, 'op': 11, 'd': None}
[2026-06-25 15:13:52] [DEBUG   ] discord.gateway: Keeping shard ID None websocket alive with sequence 9.
[2026-06-25 15:13:52] [DEBUG   ] discord.gateway: For Shard ID None: WebSocket Event: {'t': None, 's': None, 'op': 11, 'd': None}
[2026-06-25 15:14:33] [DEBUG   ] discord.gateway: Keeping shard ID None websocket alive with sequence 9.
[2026-06-25 15:14:33] [DEBUG   ] discord.gateway: For Shard ID None: WebSocket Event: {'t': None, 's': None, 'op': 11, 'd': None}
[2026-06-25 15:15:14] [DEBUG   ] discord.gateway: Keeping shard ID None websocket alive with sequence 9.
[2026-06-25 15:15:14] [DEBUG   ] discord.gateway: For Shard ID None: WebSocket Event: {'t': None, 's': None, 'op': 11, 'd': None}
[2026-06-25 15:15:55] [DEBUG   ] discord.gateway: Keeping shard ID None websocket alive with sequence 9.
[2026-06-25 15:15:55] [DEBUG   ] discord.gateway: For Shard ID None: WebSocket Event: {'t': None, 's': None, 'op': 11, 'd': None}
[2026-06-25 15:16:37] [DEBUG   ] discord.gateway: Keeping shard ID None websocket alive with sequence 9.
[2026-06-25 15:16:37] [DEBUG   ] discord.gateway: For Shard ID None: WebSocket Event: {'t': None, 's': None, 'op': 11, 'd': None}
[2026-06-25 15:17:18] [DEBUG   ] discord.gateway: Keeping shard ID None websocket alive with sequence 9.
[2026-06-25 15:17:18] [DEBUG   ] discord.gateway: For Shard ID None: WebSocket Event: {'t': None, 's': None, 'op': 11, 'd': None}
[2026-06-25 15:17:59] [DEBUG   ] discord.gateway: Keeping shard ID None websocket alive with sequence 9.
[2026-06-25 15:17:59] [DEBUG   ] discord.gateway: For Shard ID None: WebSocket Event: {'t': None, 's': None, 'op': 11, 'd': None}
[2026-06-25 15:18:40] [DEBUG   ] discord.gateway: Keeping shard ID None websocket alive with sequence 9.
[2026-06-25 15:18:40] [DEBUG   ] discord.gateway: For Shard ID None: WebSocket Event: {'t': None, 's': None, 'op': 11, 'd': None}
[2026-06-25 15:19:22] [DEBUG   ] discord.gateway: Keeping shard ID None websocket alive with sequence 9.
[2026-06-25 15:19:22] [DEBUG   ] discord.gateway: For Shard ID None: WebSocket Event: {'t': None, 's': None, 'op': 11, 'd': None}
[2026-06-25 15:20:03] [DEBUG   ] discord.gateway: Keeping shard ID None websocket alive with sequence 9.
[2026-06-25 15:20:03] [DEBUG   ] discord.gateway: For Shard ID None: WebSocket Event: {'t': None, 's': None, 'op': 11, 'd': None}
[2026-06-25 15:20:44] [DEBUG   ] discord.gateway: Keeping shard ID None websocket alive with sequence 9.
[2026-06-25 15:20:44] [DEBUG   ] discord.gateway: For Shard ID None: WebSocket Event: {'t': None, 's': None, 'op': 11, 'd': None}
[2026-06-25 15:21:25] [DEBUG   ] discord.gateway: Keeping shard ID None websocket alive with sequence 9.
[2026-06-25 15:21:26] [DEBUG   ] discord.gateway: For Shard ID None: WebSocket Event: {'t': None, 's': None, 'op': 11, 'd': None}
[2026-06-25 15:22:07] [DEBUG   ] discord.gateway: Keeping shard ID None websocket alive with sequence 9.
[2026-06-25 15:22:07] [DEBUG   ] discord.gateway: For Shard ID None: WebSocket Event: {'t': None, 's': None, 'op': 11, 'd': None}
[2026-06-25 15:22:48] [DEBUG   ] discord.gateway: Keeping shard ID None websocket alive with sequence 9.
[2026-06-25 15:22:48] [DEBUG   ] discord.gateway: For Shard ID None: WebSocket Event: {'t': None, 's': None, 'op': 11, 'd': None}
[2026-06-25 15:23:29] [DEBUG   ] discord.gateway: Keeping shard ID None websocket alive with sequence 9.
[2026-06-25 15:23:29] [DEBUG   ] discord.gateway: For Shard ID None: WebSocket Event: {'t': None, 's': None, 'op': 11, 'd': None}
[2026-06-25 15:24:10] [DEBUG   ] discord.gateway: Keeping shard ID None websocket alive with sequence 9.
[2026-06-25 15:24:11] [DEBUG   ] discord.gateway: For Shard ID None: WebSocket Event: {'t': None, 's': None, 'op': 11, 'd': None}
[2026-06-25 15:24:52] [DEBUG   ] discord.gateway: Keeping shard ID None websocket alive with sequence 9.
[2026-06-25 15:24:52] [DEBUG   ] discord.gateway: For Shard ID None: WebSocket Event: {'t': None, 's': None, 'op': 11, 'd': None}
[2026-06-25 15:25:33] [DEBUG   ] discord.gateway: Keeping shard ID None websocket alive with sequence 9.
[2026-06-25 15:25:33] [DEBUG   ] discord.gateway: For Shard ID None: WebSocket Event: {'t': None, 's': None, 'op': 11, 'd': None}
[2026-06-25 15:26:14] [DEBUG   ] discord.gateway: Keeping shard ID None websocket alive with sequence 9.
[2026-06-25 15:26:14] [DEBUG   ] discord.gateway: For Shard ID None: WebSocket Event: {'t': None, 's': None, 'op': 11, 'd': None}
[2026-06-25 15:26:55] [DEBUG   ] discord.gateway: Keeping shard ID None websocket alive with sequence 9.
[2026-06-25 15:26:56] [DEBUG   ] discord.gateway: For Shard ID None: WebSocket Event: {'t': None, 's': None, 'op': 11, 'd': None}
[2026-06-25 15:27:37] [DEBUG   ] discord.gateway: Keeping shard ID None websocket alive with sequence 9.
[2026-06-25 15:27:37] [DEBUG   ] discord.gateway: For Shard ID None: WebSocket Event: {'t': None, 's': None, 'op': 11, 'd': None}
[2026-06-25 15:28:18] [DEBUG   ] discord.gateway: Keeping shard ID None websocket alive with sequence 9.
[2026-06-25 15:28:18] [DEBUG   ] discord.gateway: For Shard ID None: WebSocket Event: {'t': None, 's': None, 'op': 11, 'd': None}
[2026-06-25 15:28:59] [DEBUG   ] discord.gateway: Keeping shard ID None websocket alive with sequence 9.
[2026-06-25 15:28:59] [DEBUG   ] discord.gateway: For Shard ID None: WebSocket Event: {'t': None, 's': None, 'op': 11, 'd': None}
[2026-06-25 15:29:41] [DEBUG   ] discord.gateway: Keeping shard ID None websocket alive with sequence 9.
[2026-06-25 15:29:41] [DEBUG   ] discord.gateway: For Shard ID None: WebSocket Event: {'t': None, 's': None, 'op': 11, 'd': None}
[2026-06-25 15:30:22] [DEBUG   ] discord.gateway: Keeping shard ID None websocket alive with sequence 9.
[2026-06-25 15:30:22] [DEBUG   ] discord.gateway: For Shard ID None: WebSocket Event: {'t': None, 's': None, 'op': 11, 'd': None}
[2026-06-25 15:31:03] [DEBUG   ] discord.gateway: Keeping shard ID None websocket alive with sequence 9.
[2026-06-25 15:31:03] [DEBUG   ] discord.gateway: For Shard ID None: WebSocket Event: {'t': None, 's': None, 'op': 11, 'd': None}
[2026-06-25 15:31:44] [DEBUG   ] discord.gateway: Keeping shard ID None websocket alive with sequence 9.
[2026-06-25 15:31:44] [DEBUG   ] discord.gateway: For Shard ID None: WebSocket Event: {'t': None, 's': None, 'op': 11, 'd': None}
[2026-06-25 15:32:26] [DEBUG   ] discord.gateway: Keeping shard ID None websocket alive with sequence 9.
[2026-06-25 15:32:26] [DEBUG   ] discord.gateway: For Shard ID None: WebSocket Event: {'t': None, 's': None, 'op': 11, 'd': None}
[2026-06-25 15:33:07] [DEBUG   ] discord.gateway: Keeping shard ID None websocket alive with sequence 9.
[2026-06-25 15:33:07] [DEBUG   ] discord.gateway: For Shard ID None: WebSocket Event: {'t': None, 's': None, 'op': 11, 'd': None}
[2026-06-25 15:33:48] [DEBUG   ] discord.gateway: Keeping shard ID None websocket alive with sequence 9.
[2026-06-25 15:33:48] [DEBUG   ] discord.gateway: For Shard ID None: WebSocket Event: {'t': None, 's': None, 'op': 11, 'd': None}
[2026-06-25 15:34:29] [DEBUG   ] discord.gateway: Keeping shard ID None websocket alive with sequence 9.
[2026-06-25 15:34:29] [DEBUG   ] discord.gateway: For Shard ID None: WebSocket Event: {'t': None, 's': None, 'op': 11, 'd': None}
[2026-06-25 15:35:11] [DEBUG   ] discord.gateway: Keeping shard ID None websocket alive with sequence 9.
[2026-06-25 15:35:11] [DEBUG   ] discord.gateway: For Shard ID None: WebSocket Event: {'t': None, 's': None, 'op': 11, 'd': None}
[2026-06-25 15:35:52] [DEBUG   ] discord.gateway: Keeping shard ID None websocket alive with sequence 9.
[2026-06-25 15:35:52] [DEBUG   ] discord.gateway: For Shard ID None: WebSocket Event: {'t': None, 's': None, 'op': 11, 'd': None}
[2026-06-25 15:36:33] [DEBUG   ] discord.gateway: Keeping shard ID None websocket alive with sequence 9.
[2026-06-25 15:36:33] [DEBUG   ] discord.gateway: For Shard ID None: WebSocket Event: {'t': None, 's': None, 'op': 11, 'd': None}
[2026-06-25 15:37:14] [DEBUG   ] discord.gateway: Keeping shard ID None websocket alive with sequence 9.
[2026-06-25 15:37:14] [DEBUG   ] discord.gateway: For Shard ID None: WebSocket Event: {'t': None, 's': None, 'op': 11, 'd': None}
[2026-06-25 15:37:56] [DEBUG   ] discord.gateway: Keeping shard ID None websocket alive with sequence 9.
[2026-06-25 15:37:56] [DEBUG   ] discord.gateway: For Shard ID None: WebSocket Event: {'t': None, 's': None, 'op': 11, 'd': None}
[2026-06-25 15:38:37] [DEBUG   ] discord.gateway: Keeping shard ID None websocket alive with sequence 9.
[2026-06-25 15:38:37] [DEBUG   ] discord.gateway: For Shard ID None: WebSocket Event: {'t': None, 's': None, 'op': 11, 'd': None}
[2026-06-25 15:39:18] [DEBUG   ] discord.gateway: Keeping shard ID None websocket alive with sequence 9.
[2026-06-25 15:39:18] [DEBUG   ] discord.gateway: For Shard ID None: WebSocket Event: {'t': None, 's': None, 'op': 11, 'd': None}
[2026-06-25 15:39:59] [DEBUG   ] discord.gateway: Keeping shard ID None websocket alive with sequence 9.
[2026-06-25 15:39:59] [DEBUG   ] discord.gateway: For Shard ID None: WebSocket Event: {'t': None, 's': None, 'op': 11, 'd': None}
[2026-06-25 15:40:41] [DEBUG   ] discord.gateway: Keeping shard ID None websocket alive with sequence 9.
[2026-06-25 15:40:41] [DEBUG   ] discord.gateway: For Shard ID None: WebSocket Event: {'t': None, 's': None, 'op': 11, 'd': None}
[2026-06-25 15:41:22] [DEBUG   ] discord.gateway: Keeping shard ID None websocket alive with sequence 9.
[2026-06-25 15:41:22] [DEBUG   ] discord.gateway: For Shard ID None: WebSocket Event: {'t': None, 's': None, 'op': 11, 'd': None}
[2026-06-25 15:42:03] [DEBUG   ] discord.gateway: Keeping shard ID None websocket alive with sequence 9.
[2026-06-25 15:42:03] [DEBUG   ] discord.gateway: For Shard ID None: WebSocket Event: {'t': None, 's': None, 'op': 11, 'd': None}
[2026-06-25 15:42:44] [DEBUG   ] discord.gateway: Keeping shard ID None websocket alive with sequence 9.
[2026-06-25 15:42:45] [DEBUG   ] discord.gateway: For Shard ID None: WebSocket Event: {'t': None, 's': None, 'op': 11, 'd': None}
[2026-06-25 15:43:26] [DEBUG   ] discord.gateway: Keeping shard ID None websocket alive with sequence 9.
[2026-06-25 15:43:26] [DEBUG   ] discord.gateway: For Shard ID None: WebSocket Event: {'t': None, 's': None, 'op': 11, 'd': None}
[2026-06-25 15:44:07] [DEBUG   ] discord.gateway: Keeping shard ID None websocket alive with sequence 9.
[2026-06-25 15:44:07] [DEBUG   ] discord.gateway: For Shard ID None: WebSocket Event: {'t': None, 's': None, 'op': 11, 'd': None}
[2026-06-25 15:44:48] [DEBUG   ] discord.gateway: Keeping shard ID None websocket alive with sequence 9.
[2026-06-25 15:44:48] [DEBUG   ] discord.gateway: For Shard ID None: WebSocket Event: {'t': None, 's': None, 'op': 11, 'd': None}
[2026-06-25 15:45:29] [DEBUG   ] discord.gateway: Keeping shard ID None websocket alive with sequence 9.
[2026-06-25 15:45:30] [DEBUG   ] discord.gateway: For Shard ID None: WebSocket Event: {'t': None, 's': None, 'op': 11, 'd': None}
[2026-06-25 15:46:11] [DEBUG   ] discord.gateway: Keeping shard ID None websocket alive with sequence 9.
[2026-06-25 15:46:11] [DEBUG   ] discord.gateway: For Shard ID None: WebSocket Event: {'t': None, 's': None, 'op': 11, 'd': None}
[2026-06-25 15:46:52] [DEBUG   ] discord.gateway: Keeping shard ID None websocket alive with sequence 9.
[2026-06-25 15:46:52] [DEBUG   ] discord.gateway: For Shard ID None: WebSocket Event: {'t': None, 's': None, 'op': 11, 'd': None}
[2026-06-25 15:47:33] [DEBUG   ] discord.gateway: Keeping shard ID None websocket alive with sequence 9.
[2026-06-25 15:47:33] [DEBUG   ] discord.gateway: For Shard ID None: WebSocket Event: {'t': None, 's': None, 'op': 11, 'd': None}
[2026-06-25 15:48:14] [DEBUG   ] discord.gateway: Keeping shard ID None websocket alive with sequence 9.
[2026-06-25 15:48:15] [DEBUG   ] discord.gateway: For Shard ID None: WebSocket Event: {'t': None, 's': None, 'op': 11, 'd': None}
[2026-06-25 15:48:56] [DEBUG   ] discord.gateway: Keeping shard ID None websocket alive with sequence 9.
[2026-06-25 15:48:56] [DEBUG   ] discord.gateway: For Shard ID None: WebSocket Event: {'t': None, 's': None, 'op': 11, 'd': None}
[2026-06-25 15:49:37] [DEBUG   ] discord.gateway: Keeping shard ID None websocket alive with sequence 9.
[2026-06-25 15:49:37] [DEBUG   ] discord.gateway: For Shard ID None: WebSocket Event: {'t': None, 's': None, 'op': 11, 'd': None}
[2026-06-25 15:50:18] [DEBUG   ] discord.gateway: Keeping shard ID None websocket alive with sequence 9.
[2026-06-25 15:50:18] [DEBUG   ] discord.gateway: For Shard ID None: WebSocket Event: {'t': None, 's': None, 'op': 11, 'd': None}
[2026-06-25 15:50:59] [DEBUG   ] discord.gateway: Keeping shard ID None websocket alive with sequence 9.
[2026-06-25 15:51:00] [DEBUG   ] discord.gateway: For Shard ID None: WebSocket Event: {'t': None, 's': None, 'op': 11, 'd': None}
[2026-06-25 15:51:41] [DEBUG   ] discord.gateway: Keeping shard ID None websocket alive with sequence 9.
[2026-06-25 15:51:41] [DEBUG   ] discord.gateway: For Shard ID None: WebSocket Event: {'t': None, 's': None, 'op': 11, 'd': None}
[2026-06-25 15:52:22] [DEBUG   ] discord.gateway: Keeping shard ID None websocket alive with sequence 9.
[2026-06-25 15:52:22] [DEBUG   ] discord.gateway: For Shard ID None: WebSocket Event: {'t': None, 's': None, 'op': 11, 'd': None}
[2026-06-25 15:53:03] [DEBUG   ] discord.gateway: Keeping shard ID None websocket alive with sequence 9.
[2026-06-25 15:53:03] [DEBUG   ] discord.gateway: For Shard ID None: WebSocket Event: {'t': None, 's': None, 'op': 11, 'd': None}
[2026-06-25 15:53:45] [DEBUG   ] discord.gateway: Keeping shard ID None websocket alive with sequence 9.
[2026-06-25 15:53:45] [DEBUG   ] discord.gateway: For Shard ID None: WebSocket Event: {'t': None, 's': None, 'op': 11, 'd': None}
[2026-06-25 15:54:26] [DEBUG   ] discord.gateway: Keeping shard ID None websocket alive with sequence 9.
[2026-06-25 15:54:26] [DEBUG   ] discord.gateway: For Shard ID None: WebSocket Event: {'t': None, 's': None, 'op': 11, 'd': None}
[2026-06-25 15:55:07] [DEBUG   ] discord.gateway: Keeping shard ID None websocket alive with sequence 9.
[2026-06-25 15:55:07] [DEBUG   ] discord.gateway: For Shard ID None: WebSocket Event: {'t': None, 's': None, 'op': 11, 'd': None}
[2026-06-25 15:55:48] [DEBUG   ] discord.gateway: Keeping shard ID None websocket alive with sequence 9.
[2026-06-25 15:55:48] [DEBUG   ] discord.gateway: For Shard ID None: WebSocket Event: {'t': None, 's': None, 'op': 11, 'd': None}
[2026-06-25 15:56:30] [DEBUG   ] discord.gateway: Keeping shard ID None websocket alive with sequence 9.
[2026-06-25 15:56:30] [DEBUG   ] discord.gateway: For Shard ID None: WebSocket Event: {'t': None, 's': None, 'op': 11, 'd': None}
[2026-06-25 15:57:11] [DEBUG   ] discord.gateway: Keeping shard ID None websocket alive with sequence 9.
[2026-06-25 15:57:11] [DEBUG   ] discord.gateway: For Shard ID None: WebSocket Event: {'t': None, 's': None, 'op': 11, 'd': None}
[2026-06-25 15:57:52] [DEBUG   ] discord.gateway: Keeping shard ID None websocket alive with sequence 9.
[2026-06-25 15:57:52] [DEBUG   ] discord.gateway: For Shard ID None: WebSocket Event: {'t': None, 's': None, 'op': 11, 'd': None}
[2026-06-25 15:58:33] [DEBUG   ] discord.gateway: Keeping shard ID None websocket alive with sequence 9.
[2026-06-25 15:58:33] [DEBUG   ] discord.gateway: For Shard ID None: WebSocket Event: {'t': None, 's': None, 'op': 11, 'd': None}
[2026-06-25 15:59:15] [DEBUG   ] discord.gateway: Keeping shard ID None websocket alive with sequence 9.
[2026-06-25 15:59:15] [DEBUG   ] discord.gateway: For Shard ID None: WebSocket Event: {'t': None, 's': None, 'op': 11, 'd': None}
[2026-06-25 15:59:56] [DEBUG   ] discord.gateway: Keeping shard ID None websocket alive with sequence 9.
[2026-06-25 15:59:56] [DEBUG   ] discord.gateway: For Shard ID None: WebSocket Event: {'t': None, 's': None, 'op': 11, 'd': None}
[2026-06-25 16:00:37] [DEBUG   ] discord.gateway: Keeping shard ID None websocket alive with sequence 9.
[2026-06-25 16:00:37] [DEBUG   ] discord.gateway: For Shard ID None: WebSocket Event: {'t': None, 's': None, 'op': 11, 'd': None}
[2026-06-25 16:01:18] [DEBUG   ] discord.gateway: Keeping shard ID None websocket alive with sequence 9.
[2026-06-25 16:01:19] [DEBUG   ] discord.gateway: For Shard ID None: WebSocket Event: {'t': None, 's': None, 'op': 11, 'd': None}
[2026-06-25 16:02:00] [DEBUG   ] discord.gateway: Keeping shard ID None websocket alive with sequence 9.
[2026-06-25 16:02:00] [DEBUG   ] discord.gateway: For Shard ID None: WebSocket Event: {'t': None, 's': None, 'op': 11, 'd': None}
[2026-06-25 16:02:41] [DEBUG   ] discord.gateway: Keeping shard ID None websocket alive with sequence 9.
[2026-06-25 16:02:41] [DEBUG   ] discord.gateway: For Shard ID None: WebSocket Event: {'t': None, 's': None, 'op': 11, 'd': None}
[2026-06-25 16:03:22] [DEBUG   ] discord.gateway: Keeping shard ID None websocket alive with sequence 9.
[2026-06-25 16:03:22] [DEBUG   ] discord.gateway: For Shard ID None: WebSocket Event: {'t': None, 's': None, 'op': 11, 'd': None}
[2026-06-25 16:04:03] [DEBUG   ] discord.gateway: Keeping shard ID None websocket alive with sequence 9.
[2026-06-25 16:04:04] [DEBUG   ] discord.gateway: For Shard ID None: WebSocket Event: {'t': None, 's': None, 'op': 11, 'd': None}
[2026-06-25 16:04:45] [DEBUG   ] discord.gateway: Keeping shard ID None websocket alive with sequence 9.
[2026-06-25 16:04:45] [DEBUG   ] discord.gateway: For Shard ID None: WebSocket Event: {'t': None, 's': None, 'op': 11, 'd': None}
